2025-12-12T22:28:29.598+05:30  INFO 129169 --- [main] c.h.a.c.CustomScannersServiceApplication : Starting CustomScannersServiceApplication v1.1.3 using Java 19.0.2 with PID 129169 (/home/aaditya/.vscode/extensions/hcltechnologies.hclappscancodesweep-1.5.1/lib/custom-scanners-service-1.1.3.jar started by aaditya in /home/aaditya/AadityaNarain2003.github.io)
2025-12-12T22:28:29.602+05:30  INFO 129169 --- [main] c.h.a.c.CustomScannersServiceApplication : No active profile set, falling back to 1 default profile: "default"
2025-12-12T22:28:32.107+05:30  INFO 129169 --- [main] o.s.b.w.embedded.tomcat.TomcatWebServer  : Tomcat initialized with port 9221 (http)
2025-12-12T22:28:32.126+05:30  INFO 129169 --- [main] o.apache.catalina.core.StandardService   : Starting service [Tomcat]
2025-12-12T22:28:32.126+05:30  INFO 129169 --- [main] o.apache.catalina.core.StandardEngine    : Starting Servlet engine: [Apache Tomcat/10.1.46]
2025-12-12T22:28:32.177+05:30  INFO 129169 --- [main] o.a.c.c.C.[Tomcat].[localhost].[/]       : Initializing Spring embedded WebApplicationContext
2025-12-12T22:28:32.177+05:30  INFO 129169 --- [main] w.s.c.ServletWebServerApplicationContext : Root WebApplicationContext: initialization completed in 2100 ms
2025-12-12T22:28:32.357+05:30 DEBUG 129169 --- [main] o.s.b.w.s.ServletContextInitializerBeans : Mapping filters: webMvcObservationFilter urls=[/*] order=-2147483647, characterEncodingFilter urls=[/*] order=-2147483648, formContentFilter urls=[/*] order=-9900, requestContextFilter urls=[/*] order=-105
2025-12-12T22:28:32.358+05:30 DEBUG 129169 --- [main] o.s.b.w.s.ServletContextInitializerBeans : Mapping servlets: dispatcherServlet urls=[/]
2025-12-12T22:28:32.400+05:30 DEBUG 129169 --- [main] o.s.w.f.ServerHttpObservationFilter      : Filter 'webMvcObservationFilter' configured for use
2025-12-12T22:28:33.089+05:30  INFO 129169 --- [main] o.s.v.b.OptionalValidatorFactoryBean     : Failed to set up a Bean Validation provider: jakarta.validation.NoProviderFoundException: Unable to create a Configuration, because no Jakarta Bean Validation provider could be found. Add a provider like Hibernate Validator (RI) to your classpath.
2025-12-12T22:28:33.186+05:30 DEBUG 129169 --- [main] s.w.s.m.m.a.RequestMappingHandlerMapping : 23 mappings in 'requestMappingHandlerMapping'
2025-12-12T22:28:33.277+05:30 DEBUG 129169 --- [main] o.s.w.s.handler.SimpleUrlHandlerMapping  : Patterns [/webjars/**, /**, /swagger-ui*/*swagger-initializer.js, /swagger-ui*/**] in 'resourceHandlerMapping'
2025-12-12T22:28:33.328+05:30 DEBUG 129169 --- [main] s.w.s.m.m.a.RequestMappingHandlerAdapter : ControllerAdvice beans: 0 @ModelAttribute, 0 @InitBinder, 1 RequestBodyAdvice, 1 ResponseBodyAdvice
2025-12-12T22:28:33.365+05:30 DEBUG 129169 --- [main] .m.m.a.ExceptionHandlerExceptionResolver : ControllerAdvice beans: 2 @ExceptionHandler, 1 ResponseBodyAdvice
2025-12-12T22:28:33.654+05:30  INFO 129169 --- [main] o.s.b.a.e.web.EndpointLinksResolver      : Exposing 1 endpoint beneath base path '/actuator'
2025-12-12T22:28:33.718+05:30  INFO 129169 --- [main] o.s.b.w.embedded.tomcat.TomcatWebServer  : Tomcat started on port 9221 (http) with context path '/'
2025-12-12T22:28:33.734+05:30  INFO 129169 --- [main] c.h.a.c.CustomScannersServiceApplication : Started CustomScannersServiceApplication in 4.911 seconds (process running for 5.67)
2025-12-12T22:28:33.944+05:30  INFO 129169 --- [Thread-0] c.h.a.s.s.services.ArticleResource       : Completed reading English articles
2025-12-12T22:28:36.221+05:30  INFO 129169 --- [http-nio-9221-exec-1] o.a.c.c.C.[Tomcat].[localhost].[/]       : Initializing Spring DispatcherServlet 'dispatcherServlet'
2025-12-12T22:28:36.222+05:30  INFO 129169 --- [http-nio-9221-exec-1] o.s.web.servlet.DispatcherServlet        : Initializing Servlet 'dispatcherServlet'
2025-12-12T22:28:36.222+05:30 DEBUG 129169 --- [http-nio-9221-exec-1] o.s.web.servlet.DispatcherServlet        : Detected StandardServletMultipartResolver
2025-12-12T22:28:36.222+05:30 DEBUG 129169 --- [http-nio-9221-exec-1] o.s.web.servlet.DispatcherServlet        : Detected CookieLocaleResolver
2025-12-12T22:28:36.222+05:30 DEBUG 129169 --- [http-nio-9221-exec-1] o.s.web.servlet.DispatcherServlet        : Detected CookieThemeResolver
2025-12-12T22:28:36.223+05:30 DEBUG 129169 --- [http-nio-9221-exec-1] o.s.web.servlet.DispatcherServlet        : Detected org.springframework.web.servlet.view.DefaultRequestToViewNameTranslator@16fdceeb
2025-12-12T22:28:36.224+05:30 DEBUG 129169 --- [http-nio-9221-exec-1] o.s.web.servlet.DispatcherServlet        : Detected org.springframework.web.servlet.support.SessionFlashMapManager@127e892c
2025-12-12T22:28:36.225+05:30 DEBUG 129169 --- [http-nio-9221-exec-1] o.s.web.servlet.DispatcherServlet        : enableLoggingRequestDetails='false': request parameters and headers will be masked to prevent unsafe logging of potentially sensitive data
2025-12-12T22:28:36.225+05:30  INFO 129169 --- [http-nio-9221-exec-1] o.s.web.servlet.DispatcherServlet        : Completed initialization in 3 ms
2025-12-12T22:28:36.244+05:30 DEBUG 129169 --- [http-nio-9221-exec-1] o.s.web.servlet.DispatcherServlet        : GET "/v1/scanRules", parameters={}
2025-12-12T22:28:36.251+05:30 DEBUG 129169 --- [http-nio-9221-exec-1] s.w.s.m.m.a.RequestMappingHandlerMapping : Mapped to com.hcl.appscan.customscannersservice.controller.CustomScannersController#getScanRules(String[])
2025-12-12T22:28:36.279+05:30 DEBUG 129169 --- [http-nio-9221-exec-1] o.s.w.s.m.m.a.HttpEntityMethodProcessor  : Using 'application/json', given [application/json, text/plain, */*] and supported [application/json]
2025-12-12T22:28:36.289+05:30 DEBUG 129169 --- [http-nio-9221-exec-1] o.s.w.s.m.m.a.HttpEntityMethodProcessor  : Writing [{Golang={com.ouncelabs.languagelite.golang.rules.CommMisconfig=CustomScannersServiceScanRule{ruleNam (truncated)...]
2025-12-12T22:28:36.425+05:30 DEBUG 129169 --- [http-nio-9221-exec-1] o.s.web.servlet.DispatcherServlet        : Completed 200 OK
2025-12-12T22:28:56.080+05:30 DEBUG 129169 --- [http-nio-9221-exec-2] o.s.web.servlet.DispatcherServlet        : POST "/v1/scanFile", parameters={multipart}
2025-12-12T22:28:56.096+05:30 DEBUG 129169 --- [http-nio-9221-exec-2] s.w.s.m.m.a.RequestMappingHandlerMapping : Mapped to com.hcl.appscan.customscannersservice.controller.CustomScannersController#runScanFile(MultipartFile, String, int[])
2025-12-12T22:28:56.199+05:30 DEBUG 129169 --- [http-nio-9221-exec-2] .m.m.a.ExceptionHandlerExceptionResolver : Using @ExceptionHandler com.hcl.appscan.customscannersservice.controller.CustomScannersControllerAdvice#handleException(Exception)
2025-12-12T22:28:56.205+05:30 DEBUG 129169 --- [http-nio-9221-exec-2] o.s.w.s.m.m.a.HttpEntityMethodProcessor  : Using 'application/json', given [application/json, text/plain, */*] and supported [application/json, application/*+json]
2025-12-12T22:28:56.206+05:30 DEBUG 129169 --- [http-nio-9221-exec-2] o.s.w.s.m.m.a.HttpEntityMethodProcessor  : Writing [com.hcl.appscan.customscannersservice.controller.CustomScannersControllerAdvice$ErrorMessage@6b859d6 (truncated)...]
2025-12-12T22:28:56.207+05:30 DEBUG 129169 --- [http-nio-9221-exec-2] .m.m.a.ExceptionHandlerExceptionResolver : Resolved [jakarta.servlet.ServletException: Handler dispatch failed: java.lang.NoClassDefFoundError: org/tomlj/Toml]
2025-12-12T22:28:56.207+05:30 DEBUG 129169 --- [http-nio-9221-exec-2] o.s.web.servlet.DispatcherServlet        : Completed 500 INTERNAL_SERVER_ERROR
2025-12-12T22:29:05.571+05:30 DEBUG 129169 --- [http-nio-9221-exec-3] o.s.web.servlet.DispatcherServlet        : POST "/v1/scanFile", parameters={multipart}
2025-12-12T22:29:05.572+05:30 DEBUG 129169 --- [http-nio-9221-exec-3] s.w.s.m.m.a.RequestMappingHandlerMapping : Mapped to com.hcl.appscan.customscannersservice.controller.CustomScannersController#runScanFile(MultipartFile, String, int[])
2025-12-12T22:29:05.630+05:30 DEBUG 129169 --- [http-nio-9221-exec-3] .m.m.a.ExceptionHandlerExceptionResolver : Using @ExceptionHandler com.hcl.appscan.customscannersservice.controller.CustomScannersControllerAdvice#handleException(Exception)
2025-12-12T22:29:05.631+05:30 DEBUG 129169 --- [http-nio-9221-exec-3] o.s.w.s.m.m.a.HttpEntityMethodProcessor  : Using 'application/json', given [application/json, text/plain, */*] and supported [application/json, application/*+json]
2025-12-12T22:29:05.631+05:30 DEBUG 129169 --- [http-nio-9221-exec-3] o.s.w.s.m.m.a.HttpEntityMethodProcessor  : Writing [com.hcl.appscan.customscannersservice.controller.CustomScannersControllerAdvice$ErrorMessage@6766de5 (truncated)...]
2025-12-12T22:29:05.632+05:30 DEBUG 129169 --- [http-nio-9221-exec-3] .m.m.a.ExceptionHandlerExceptionResolver : Resolved [jakarta.servlet.ServletException: Handler dispatch failed: java.lang.NoClassDefFoundError: org/tomlj/Toml]
2025-12-12T22:29:05.632+05:30 DEBUG 129169 --- [http-nio-9221-exec-3] o.s.web.servlet.DispatcherServlet        : Completed 500 INTERNAL_SERVER_ERROR
2025-12-12T22:29:07.809+05:30 DEBUG 129169 --- [http-nio-9221-exec-4] o.s.web.servlet.DispatcherServlet        : POST "/v1/scanFile", parameters={multipart}
2025-12-12T22:29:07.811+05:30 DEBUG 129169 --- [http-nio-9221-exec-4] s.w.s.m.m.a.RequestMappingHandlerMapping : Mapped to com.hcl.appscan.customscannersservice.controller.CustomScannersController#runScanFile(MultipartFile, String, int[])
2025-12-12T22:29:07.866+05:30 DEBUG 129169 --- [http-nio-9221-exec-4] .m.m.a.ExceptionHandlerExceptionResolver : Using @ExceptionHandler com.hcl.appscan.customscannersservice.controller.CustomScannersControllerAdvice#handleException(Exception)
2025-12-12T22:29:07.866+05:30 DEBUG 129169 --- [http-nio-9221-exec-4] o.s.w.s.m.m.a.HttpEntityMethodProcessor  : Using 'application/json', given [application/json, text/plain, */*] and supported [application/json, application/*+json]
2025-12-12T22:29:07.867+05:30 DEBUG 129169 --- [http-nio-9221-exec-4] o.s.w.s.m.m.a.HttpEntityMethodProcessor  : Writing [com.hcl.appscan.customscannersservice.controller.CustomScannersControllerAdvice$ErrorMessage@31afb4c (truncated)...]
2025-12-12T22:29:07.868+05:30 DEBUG 129169 --- [http-nio-9221-exec-4] .m.m.a.ExceptionHandlerExceptionResolver : Resolved [jakarta.servlet.ServletException: Handler dispatch failed: java.lang.NoClassDefFoundError: org/tomlj/Toml]
2025-12-12T22:29:07.868+05:30 DEBUG 129169 --- [http-nio-9221-exec-4] o.s.web.servlet.DispatcherServlet        : Completed 500 INTERNAL_SERVER_ERROR
2025-12-12T22:29:17.912+05:30 DEBUG 129169 --- [http-nio-9221-exec-5] o.s.web.servlet.DispatcherServlet        : POST "/v1/scanFile", parameters={multipart}
2025-12-12T22:29:17.913+05:30 DEBUG 129169 --- [http-nio-9221-exec-5] s.w.s.m.m.a.RequestMappingHandlerMapping : Mapped to com.hcl.appscan.customscannersservice.controller.CustomScannersController#runScanFile(MultipartFile, String, int[])
2025-12-12T22:29:17.966+05:30 DEBUG 129169 --- [http-nio-9221-exec-5] .m.m.a.ExceptionHandlerExceptionResolver : Using @ExceptionHandler com.hcl.appscan.customscannersservice.controller.CustomScannersControllerAdvice#handleException(Exception)
2025-12-12T22:29:17.967+05:30 DEBUG 129169 --- [http-nio-9221-exec-5] o.s.w.s.m.m.a.HttpEntityMethodProcessor  : Using 'application/json', given [application/json, text/plain, */*] and supported [application/json, application/*+json]
2025-12-12T22:29:17.967+05:30 DEBUG 129169 --- [http-nio-9221-exec-5] o.s.w.s.m.m.a.HttpEntityMethodProcessor  : Writing [com.hcl.appscan.customscannersservice.controller.CustomScannersControllerAdvice$ErrorMessage@3effa52 (truncated)...]
2025-12-12T22:29:17.967+05:30 DEBUG 129169 --- [http-nio-9221-exec-5] .m.m.a.ExceptionHandlerExceptionResolver : Resolved [jakarta.servlet.ServletException: Handler dispatch failed: java.lang.NoClassDefFoundError: org/tomlj/Toml]
2025-12-12T22:29:17.968+05:30 DEBUG 129169 --- [http-nio-9221-exec-5] o.s.web.servlet.DispatcherServlet        : Completed 500 INTERNAL_SERVER_ERROR
2025-12-12T22:29:30.755+05:30 DEBUG 129169 --- [http-nio-9221-exec-6] o.s.web.servlet.DispatcherServlet        : POST "/v1/scanFile", parameters={multipart}
2025-12-12T22:29:30.757+05:30 DEBUG 129169 --- [http-nio-9221-exec-6] s.w.s.m.m.a.RequestMappingHandlerMapping : Mapped to com.hcl.appscan.customscannersservice.controller.CustomScannersController#runScanFile(MultipartFile, String, int[])
2025-12-12T22:29:30.805+05:30 DEBUG 129169 --- [http-nio-9221-exec-6] .m.m.a.ExceptionHandlerExceptionResolver : Using @ExceptionHandler com.hcl.appscan.customscannersservice.controller.CustomScannersControllerAdvice#handleException(Exception)
2025-12-12T22:29:30.806+05:30 DEBUG 129169 --- [http-nio-9221-exec-6] o.s.w.s.m.m.a.HttpEntityMethodProcessor  : Using 'application/json', given [application/json, text/plain, */*] and supported [application/json, application/*+json]
2025-12-12T22:29:30.806+05:30 DEBUG 129169 --- [http-nio-9221-exec-6] o.s.w.s.m.m.a.HttpEntityMethodProcessor  : Writing [com.hcl.appscan.customscannersservice.controller.CustomScannersControllerAdvice$ErrorMessage@6625514 (truncated)...]
2025-12-12T22:29:30.807+05:30 DEBUG 129169 --- [http-nio-9221-exec-6] .m.m.a.ExceptionHandlerExceptionResolver : Resolved [jakarta.servlet.ServletException: Handler dispatch failed: java.lang.NoClassDefFoundError: org/tomlj/Toml]
2025-12-12T22:29:30.807+05:30 DEBUG 129169 --- [http-nio-9221-exec-6] o.s.web.servlet.DispatcherServlet        : Completed 500 INTERNAL_SERVER_ERROR
2025-12-12T22:29:31.858+05:30 DEBUG 129169 --- [http-nio-9221-exec-7] o.s.web.servlet.DispatcherServlet        : POST "/v1/scanFile", parameters={multipart}
2025-12-12T22:29:31.859+05:30 DEBUG 129169 --- [http-nio-9221-exec-7] s.w.s.m.m.a.RequestMappingHandlerMapping : Mapped to com.hcl.appscan.customscannersservice.controller.CustomScannersController#runScanFile(MultipartFile, String, int[])
2025-12-12T22:29:31.909+05:30 DEBUG 129169 --- [http-nio-9221-exec-7] .m.m.a.ExceptionHandlerExceptionResolver : Using @ExceptionHandler com.hcl.appscan.customscannersservice.controller.CustomScannersControllerAdvice#handleException(Exception)
2025-12-12T22:29:31.910+05:30 DEBUG 129169 --- [http-nio-9221-exec-7] o.s.w.s.m.m.a.HttpEntityMethodProcessor  : Using 'application/json', given [application/json, text/plain, */*] and supported [application/json, application/*+json]
2025-12-12T22:29:31.910+05:30 DEBUG 129169 --- [http-nio-9221-exec-7] o.s.w.s.m.m.a.HttpEntityMethodProcessor  : Writing [com.hcl.appscan.customscannersservice.controller.CustomScannersControllerAdvice$ErrorMessage@77871b7 (truncated)...]
2025-12-12T22:29:31.911+05:30 DEBUG 129169 --- [http-nio-9221-exec-7] .m.m.a.ExceptionHandlerExceptionResolver : Resolved [jakarta.servlet.ServletException: Handler dispatch failed: java.lang.NoClassDefFoundError: org/tomlj/Toml]
2025-12-12T22:29:31.911+05:30 DEBUG 129169 --- [http-nio-9221-exec-7] o.s.web.servlet.DispatcherServlet        : Completed 500 INTERNAL_SERVER_ERROR
2025-12-12T22:29:32.967+05:30 DEBUG 129169 --- [http-nio-9221-exec-8] o.s.web.servlet.DispatcherServlet        : POST "/v1/scanFile", parameters={multipart}
2025-12-12T22:29:32.968+05:30 DEBUG 129169 --- [http-nio-9221-exec-8] s.w.s.m.m.a.RequestMappingHandlerMapping : Mapped to com.hcl.appscan.customscannersservice.controller.CustomScannersController#runScanFile(MultipartFile, String, int[])
2025-12-12T22:29:33.025+05:30 DEBUG 129169 --- [http-nio-9221-exec-8] .m.m.a.ExceptionHandlerExceptionResolver : Using @ExceptionHandler com.hcl.appscan.customscannersservice.controller.CustomScannersControllerAdvice#handleException(Exception)
2025-12-12T22:29:33.026+05:30 DEBUG 129169 --- [http-nio-9221-exec-8] o.s.w.s.m.m.a.HttpEntityMethodProcessor  : Using 'application/json', given [application/json, text/plain, */*] and supported [application/json, application/*+json]
2025-12-12T22:29:33.026+05:30 DEBUG 129169 --- [http-nio-9221-exec-8] o.s.w.s.m.m.a.HttpEntityMethodProcessor  : Writing [com.hcl.appscan.customscannersservice.controller.CustomScannersControllerAdvice$ErrorMessage@6d2fa5b (truncated)...]
2025-12-12T22:29:33.026+05:30 DEBUG 129169 --- [http-nio-9221-exec-8] .m.m.a.ExceptionHandlerExceptionResolver : Resolved [jakarta.servlet.ServletException: Handler dispatch failed: java.lang.NoClassDefFoundError: org/tomlj/Toml]
2025-12-12T22:29:33.026+05:30 DEBUG 129169 --- [http-nio-9221-exec-8] o.s.web.servlet.DispatcherServlet        : Completed 500 INTERNAL_SERVER_ERROR
2025-12-12T22:29:47.980+05:30 DEBUG 129169 --- [http-nio-9221-exec-9] o.s.web.servlet.DispatcherServlet        : POST "/v1/scanFile", parameters={multipart}
2025-12-12T22:29:47.982+05:30 DEBUG 129169 --- [http-nio-9221-exec-9] s.w.s.m.m.a.RequestMappingHandlerMapping : Mapped to com.hcl.appscan.customscannersservice.controller.CustomScannersController#runScanFile(MultipartFile, String, int[])
2025-12-12T22:29:48.035+05:30 DEBUG 129169 --- [http-nio-9221-exec-9] .m.m.a.ExceptionHandlerExceptionResolver : Using @ExceptionHandler com.hcl.appscan.customscannersservice.controller.CustomScannersControllerAdvice#handleException(Exception)
2025-12-12T22:29:48.035+05:30 DEBUG 129169 --- [http-nio-9221-exec-9] o.s.w.s.m.m.a.HttpEntityMethodProcessor  : Using 'application/json', given [application/json, text/plain, */*] and supported [application/json, application/*+json]
2025-12-12T22:29:48.035+05:30 DEBUG 129169 --- [http-nio-9221-exec-9] o.s.w.s.m.m.a.HttpEntityMethodProcessor  : Writing [com.hcl.appscan.customscannersservice.controller.CustomScannersControllerAdvice$ErrorMessage@704cd27 (truncated)...]
2025-12-12T22:29:48.036+05:30 DEBUG 129169 --- [http-nio-9221-exec-9] .m.m.a.ExceptionHandlerExceptionResolver : Resolved [jakarta.servlet.ServletException: Handler dispatch failed: java.lang.NoClassDefFoundError: org/tomlj/Toml]
2025-12-12T22:29:48.036+05:30 DEBUG 129169 --- [http-nio-9221-exec-9] o.s.web.servlet.DispatcherServlet        : Completed 500 INTERNAL_SERVER_ERROR
2025-12-12T22:29:50.085+05:30 DEBUG 129169 --- [http-nio-9221-exec-10] o.s.web.servlet.DispatcherServlet        : POST "/v1/scanFile", parameters={multipart}
2025-12-12T22:29:50.087+05:30 DEBUG 129169 --- [http-nio-9221-exec-10] s.w.s.m.m.a.RequestMappingHandlerMapping : Mapped to com.hcl.appscan.customscannersservice.controller.CustomScannersController#runScanFile(MultipartFile, String, int[])
2025-12-12T22:29:50.138+05:30 DEBUG 129169 --- [http-nio-9221-exec-10] .m.m.a.ExceptionHandlerExceptionResolver : Using @ExceptionHandler com.hcl.appscan.customscannersservice.controller.CustomScannersControllerAdvice#handleException(Exception)
2025-12-12T22:29:50.138+05:30 DEBUG 129169 --- [http-nio-9221-exec-10] o.s.w.s.m.m.a.HttpEntityMethodProcessor  : Using 'application/json', given [application/json, text/plain, */*] and supported [application/json, application/*+json]
2025-12-12T22:29:50.138+05:30 DEBUG 129169 --- [http-nio-9221-exec-10] o.s.w.s.m.m.a.HttpEntityMethodProcessor  : Writing [com.hcl.appscan.customscannersservice.controller.CustomScannersControllerAdvice$ErrorMessage@199db81 (truncated)...]
2025-12-12T22:29:50.139+05:30 DEBUG 129169 --- [http-nio-9221-exec-10] .m.m.a.ExceptionHandlerExceptionResolver : Resolved [jakarta.servlet.ServletException: Handler dispatch failed: java.lang.NoClassDefFoundError: org/tomlj/Toml]
2025-12-12T22:29:50.139+05:30 DEBUG 129169 --- [http-nio-9221-exec-10] o.s.web.servlet.DispatcherServlet        : Completed 500 INTERNAL_SERVER_ERROR
2025-12-12T22:30:04.506+05:30 DEBUG 129169 --- [http-nio-9221-exec-1] o.s.web.servlet.DispatcherServlet        : POST "/v1/scanFile", parameters={multipart}
2025-12-12T22:30:04.507+05:30 DEBUG 129169 --- [http-nio-9221-exec-1] s.w.s.m.m.a.RequestMappingHandlerMapping : Mapped to com.hcl.appscan.customscannersservice.controller.CustomScannersController#runScanFile(MultipartFile, String, int[])
2025-12-12T22:30:04.562+05:30 DEBUG 129169 --- [http-nio-9221-exec-1] .m.m.a.ExceptionHandlerExceptionResolver : Using @ExceptionHandler com.hcl.appscan.customscannersservice.controller.CustomScannersControllerAdvice#handleException(Exception)
2025-12-12T22:30:04.562+05:30 DEBUG 129169 --- [http-nio-9221-exec-1] o.s.w.s.m.m.a.HttpEntityMethodProcessor  : Using 'application/json', given [application/json, text/plain, */*] and supported [application/json, application/*+json]
2025-12-12T22:30:04.562+05:30 DEBUG 129169 --- [http-nio-9221-exec-1] o.s.w.s.m.m.a.HttpEntityMethodProcessor  : Writing [com.hcl.appscan.customscannersservice.controller.CustomScannersControllerAdvice$ErrorMessage@63402f3 (truncated)...]
2025-12-12T22:30:04.563+05:30 DEBUG 129169 --- [http-nio-9221-exec-1] .m.m.a.ExceptionHandlerExceptionResolver : Resolved [jakarta.servlet.ServletException: Handler dispatch failed: java.lang.NoClassDefFoundError: org/tomlj/Toml]
2025-12-12T22:30:04.563+05:30 DEBUG 129169 --- [http-nio-9221-exec-1] o.s.web.servlet.DispatcherServlet        : Completed 500 INTERNAL_SERVER_ERROR
2025-12-12T22:33:33.089+05:30 DEBUG 129169 --- [http-nio-9221-exec-2] o.s.web.servlet.DispatcherServlet        : POST "/v1/scanFile", parameters={multipart}
2025-12-12T22:33:33.091+05:30 DEBUG 129169 --- [http-nio-9221-exec-2] s.w.s.m.m.a.RequestMappingHandlerMapping : Mapped to com.hcl.appscan.customscannersservice.controller.CustomScannersController#runScanFile(MultipartFile, String, int[])
2025-12-12T22:33:33.095+05:30 DEBUG 129169 --- [http-nio-9221-exec-2] .m.m.a.ExceptionHandlerExceptionResolver : Using @ExceptionHandler com.hcl.appscan.customscannersservice.controller.CustomScannersControllerAdvice#handleException(Exception)
2025-12-12T22:33:33.096+05:30 DEBUG 129169 --- [http-nio-9221-exec-2] o.s.w.s.m.m.a.HttpEntityMethodProcessor  : Using 'application/json', given [application/json, text/plain, */*] and supported [application/json, application/*+json]
2025-12-12T22:33:33.096+05:30 DEBUG 129169 --- [http-nio-9221-exec-2] o.s.w.s.m.m.a.HttpEntityMethodProcessor  : Writing [com.hcl.appscan.customscannersservice.controller.CustomScannersControllerAdvice$ErrorMessage@7a399b5 (truncated)...]
2025-12-12T22:33:33.096+05:30 DEBUG 129169 --- [http-nio-9221-exec-2] .m.m.a.ExceptionHandlerExceptionResolver : Resolved [jakarta.servlet.ServletException: Handler dispatch failed: java.lang.NoClassDefFoundError: org/tomlj/Toml]
2025-12-12T22:33:33.096+05:30 DEBUG 129169 --- [http-nio-9221-exec-2] o.s.web.servlet.DispatcherServlet        : Completed 500 INTERNAL_SERVER_ERROR
2025-12-12T22:33:36.860+05:30 DEBUG 129169 --- [http-nio-9221-exec-3] o.s.web.servlet.DispatcherServlet        : POST "/v1/scanFile", parameters={multipart}
2025-12-12T22:33:36.861+05:30 DEBUG 129169 --- [http-nio-9221-exec-3] s.w.s.m.m.a.RequestMappingHandlerMapping : Mapped to com.hcl.appscan.customscannersservice.controller.CustomScannersController#runScanFile(MultipartFile, String, int[])
2025-12-12T22:33:36.866+05:30 DEBUG 129169 --- [http-nio-9221-exec-3] .m.m.a.ExceptionHandlerExceptionResolver : Using @ExceptionHandler com.hcl.appscan.customscannersservice.controller.CustomScannersControllerAdvice#handleException(Exception)
2025-12-12T22:33:36.867+05:30 DEBUG 129169 --- [http-nio-9221-exec-3] o.s.w.s.m.m.a.HttpEntityMethodProcessor  : Using 'application/json', given [application/json, text/plain, */*] and supported [application/json, application/*+json]
2025-12-12T22:33:36.867+05:30 DEBUG 129169 --- [http-nio-9221-exec-3] o.s.w.s.m.m.a.HttpEntityMethodProcessor  : Writing [com.hcl.appscan.customscannersservice.controller.CustomScannersControllerAdvice$ErrorMessage@6359566 (truncated)...]
2025-12-12T22:33:36.868+05:30 DEBUG 129169 --- [http-nio-9221-exec-3] .m.m.a.ExceptionHandlerExceptionResolver : Resolved [jakarta.servlet.ServletException: Handler dispatch failed: java.lang.NoClassDefFoundError: org/tomlj/Toml]
2025-12-12T22:33:36.868+05:30 DEBUG 129169 --- [http-nio-9221-exec-3] o.s.web.servlet.DispatcherServlet        : Completed 500 INTERNAL_SERVER_ERROR
2025-12-12T22:33:38.177+05:30 DEBUG 129169 --- [http-nio-9221-exec-4] o.s.web.servlet.DispatcherServlet        : POST "/v1/scanFile", parameters={multipart}
2025-12-12T22:33:38.179+05:30 DEBUG 129169 --- [http-nio-9221-exec-4] s.w.s.m.m.a.RequestMappingHandlerMapping : Mapped to com.hcl.appscan.customscannersservice.controller.CustomScannersController#runScanFile(MultipartFile, String, int[])
2025-12-12T22:33:38.184+05:30 DEBUG 129169 --- [http-nio-9221-exec-4] .m.m.a.ExceptionHandlerExceptionResolver : Using @ExceptionHandler com.hcl.appscan.customscannersservice.controller.CustomScannersControllerAdvice#handleException(Exception)
2025-12-12T22:33:38.185+05:30 DEBUG 129169 --- [http-nio-9221-exec-4] o.s.w.s.m.m.a.HttpEntityMethodProcessor  : Using 'application/json', given [application/json, text/plain, */*] and supported [application/json, application/*+json]
2025-12-12T22:33:38.185+05:30 DEBUG 129169 --- [http-nio-9221-exec-4] o.s.w.s.m.m.a.HttpEntityMethodProcessor  : Writing [com.hcl.appscan.customscannersservice.controller.CustomScannersControllerAdvice$ErrorMessage@3590362 (truncated)...]
2025-12-12T22:33:38.185+05:30 DEBUG 129169 --- [http-nio-9221-exec-4] .m.m.a.ExceptionHandlerExceptionResolver : Resolved [jakarta.servlet.ServletException: Handler dispatch failed: java.lang.NoClassDefFoundError: org/tomlj/Toml]
2025-12-12T22:33:38.186+05:30 DEBUG 129169 --- [http-nio-9221-exec-4] o.s.web.servlet.DispatcherServlet        : Completed 500 INTERNAL_SERVER_ERROR
2025-12-12T22:33:58.075+05:30 DEBUG 129169 --- [http-nio-9221-exec-5] o.s.web.servlet.DispatcherServlet        : POST "/v1/scanFile", parameters={multipart}
2025-12-12T22:33:58.076+05:30 DEBUG 129169 --- [http-nio-9221-exec-5] s.w.s.m.m.a.RequestMappingHandlerMapping : Mapped to com.hcl.appscan.customscannersservice.controller.CustomScannersController#runScanFile(MultipartFile, String, int[])
2025-12-12T22:33:58.082+05:30 DEBUG 129169 --- [http-nio-9221-exec-5] .m.m.a.ExceptionHandlerExceptionResolver : Using @ExceptionHandler com.hcl.appscan.customscannersservice.controller.CustomScannersControllerAdvice#handleException(Exception)
2025-12-12T22:33:58.083+05:30 DEBUG 129169 --- [http-nio-9221-exec-5] o.s.w.s.m.m.a.HttpEntityMethodProcessor  : Using 'application/json', given [application/json, text/plain, */*] and supported [application/json, application/*+json]
2025-12-12T22:33:58.083+05:30 DEBUG 129169 --- [http-nio-9221-exec-5] o.s.w.s.m.m.a.HttpEntityMethodProcessor  : Writing [com.hcl.appscan.customscannersservice.controller.CustomScannersControllerAdvice$ErrorMessage@3ac0262 (truncated)...]
2025-12-12T22:33:58.084+05:30 DEBUG 129169 --- [http-nio-9221-exec-5] .m.m.a.ExceptionHandlerExceptionResolver : Resolved [jakarta.servlet.ServletException: Handler dispatch failed: java.lang.NoClassDefFoundError: org/tomlj/Toml]
2025-12-12T22:33:58.084+05:30 DEBUG 129169 --- [http-nio-9221-exec-5] o.s.web.servlet.DispatcherServlet        : Completed 500 INTERNAL_SERVER_ERROR
2025-12-12T22:33:59.707+05:30 DEBUG 129169 --- [http-nio-9221-exec-6] o.s.web.servlet.DispatcherServlet        : POST "/v1/scanFile", parameters={multipart}
2025-12-12T22:33:59.708+05:30 DEBUG 129169 --- [http-nio-9221-exec-6] s.w.s.m.m.a.RequestMappingHandlerMapping : Mapped to com.hcl.appscan.customscannersservice.controller.CustomScannersController#runScanFile(MultipartFile, String, int[])
2025-12-12T22:33:59.712+05:30 DEBUG 129169 --- [http-nio-9221-exec-6] .m.m.a.ExceptionHandlerExceptionResolver : Using @ExceptionHandler com.hcl.appscan.customscannersservice.controller.CustomScannersControllerAdvice#handleException(Exception)
2025-12-12T22:33:59.712+05:30 DEBUG 129169 --- [http-nio-9221-exec-6] o.s.w.s.m.m.a.HttpEntityMethodProcessor  : Using 'application/json', given [application/json, text/plain, */*] and supported [application/json, application/*+json]
2025-12-12T22:33:59.712+05:30 DEBUG 129169 --- [http-nio-9221-exec-6] o.s.w.s.m.m.a.HttpEntityMethodProcessor  : Writing [com.hcl.appscan.customscannersservice.controller.CustomScannersControllerAdvice$ErrorMessage@621ad95 (truncated)...]
2025-12-12T22:33:59.713+05:30 DEBUG 129169 --- [http-nio-9221-exec-6] .m.m.a.ExceptionHandlerExceptionResolver : Resolved [jakarta.servlet.ServletException: Handler dispatch failed: java.lang.NoClassDefFoundError: org/tomlj/Toml]
2025-12-12T22:33:59.713+05:30 DEBUG 129169 --- [http-nio-9221-exec-6] o.s.web.servlet.DispatcherServlet        : Completed 500 INTERNAL_SERVER_ERROR
2025-12-12T22:34:17.680+05:30 DEBUG 129169 --- [http-nio-9221-exec-7] o.s.web.servlet.DispatcherServlet        : POST "/v1/scanFile", parameters={multipart}
2025-12-12T22:34:17.681+05:30 DEBUG 129169 --- [http-nio-9221-exec-7] s.w.s.m.m.a.RequestMappingHandlerMapping : Mapped to com.hcl.appscan.customscannersservice.controller.CustomScannersController#runScanFile(MultipartFile, String, int[])
2025-12-12T22:34:17.685+05:30 DEBUG 129169 --- [http-nio-9221-exec-7] .m.m.a.ExceptionHandlerExceptionResolver : Using @ExceptionHandler com.hcl.appscan.customscannersservice.controller.CustomScannersControllerAdvice#handleException(Exception)
2025-12-12T22:34:17.685+05:30 DEBUG 129169 --- [http-nio-9221-exec-7] o.s.w.s.m.m.a.HttpEntityMethodProcessor  : Using 'application/json', given [application/json, text/plain, */*] and supported [application/json, application/*+json]
2025-12-12T22:34:17.685+05:30 DEBUG 129169 --- [http-nio-9221-exec-7] o.s.w.s.m.m.a.HttpEntityMethodProcessor  : Writing [com.hcl.appscan.customscannersservice.controller.CustomScannersControllerAdvice$ErrorMessage@73b8915 (truncated)...]
2025-12-12T22:34:17.686+05:30 DEBUG 129169 --- [http-nio-9221-exec-7] .m.m.a.ExceptionHandlerExceptionResolver : Resolved [jakarta.servlet.ServletException: Handler dispatch failed: java.lang.NoClassDefFoundError: org/tomlj/Toml]
2025-12-12T22:34:17.686+05:30 DEBUG 129169 --- [http-nio-9221-exec-7] o.s.web.servlet.DispatcherServlet        : Completed 500 INTERNAL_SERVER_ERROR
2025-12-12T22:35:01.335+05:30 DEBUG 129169 --- [http-nio-9221-exec-8] o.s.web.servlet.DispatcherServlet        : POST "/v1/scanFile", parameters={multipart}
2025-12-12T22:35:01.337+05:30 DEBUG 129169 --- [http-nio-9221-exec-8] s.w.s.m.m.a.RequestMappingHandlerMapping : Mapped to com.hcl.appscan.customscannersservice.controller.CustomScannersController#runScanFile(MultipartFile, String, int[])
2025-12-12T22:35:01.342+05:30 DEBUG 129169 --- [http-nio-9221-exec-8] .m.m.a.ExceptionHandlerExceptionResolver : Using @ExceptionHandler com.hcl.appscan.customscannersservice.controller.CustomScannersControllerAdvice#handleException(Exception)
2025-12-12T22:35:01.343+05:30 DEBUG 129169 --- [http-nio-9221-exec-8] o.s.w.s.m.m.a.HttpEntityMethodProcessor  : Using 'application/json', given [application/json, text/plain, */*] and supported [application/json, application/*+json]
2025-12-12T22:35:01.343+05:30 DEBUG 129169 --- [http-nio-9221-exec-8] o.s.w.s.m.m.a.HttpEntityMethodProcessor  : Writing [com.hcl.appscan.customscannersservice.controller.CustomScannersControllerAdvice$ErrorMessage@69102cc (truncated)...]
2025-12-12T22:35:01.344+05:30 DEBUG 129169 --- [http-nio-9221-exec-8] .m.m.a.ExceptionHandlerExceptionResolver : Resolved [jakarta.servlet.ServletException: Handler dispatch failed: java.lang.NoClassDefFoundError: org/tomlj/Toml]
2025-12-12T22:35:01.344+05:30 DEBUG 129169 --- [http-nio-9221-exec-8] o.s.web.servlet.DispatcherServlet        : Completed 500 INTERNAL_SERVER_ERROR
2025-12-12T22:35:07.116+05:30 DEBUG 129169 --- [http-nio-9221-exec-9] o.s.web.servlet.DispatcherServlet        : POST "/v1/scanFile", parameters={multipart}
2025-12-12T22:35:07.117+05:30 DEBUG 129169 --- [http-nio-9221-exec-9] s.w.s.m.m.a.RequestMappingHandlerMapping : Mapped to com.hcl.appscan.customscannersservice.controller.CustomScannersController#runScanFile(MultipartFile, String, int[])
2025-12-12T22:35:07.121+05:30 DEBUG 129169 --- [http-nio-9221-exec-9] .m.m.a.ExceptionHandlerExceptionResolver : Using @ExceptionHandler com.hcl.appscan.customscannersservice.controller.CustomScannersControllerAdvice#handleException(Exception)
2025-12-12T22:35:07.122+05:30 DEBUG 129169 --- [http-nio-9221-exec-9] o.s.w.s.m.m.a.HttpEntityMethodProcessor  : Using 'application/json', given [application/json, text/plain, */*] and supported [application/json, application/*+json]
2025-12-12T22:35:07.122+05:30 DEBUG 129169 --- [http-nio-9221-exec-9] o.s.w.s.m.m.a.HttpEntityMethodProcessor  : Writing [com.hcl.appscan.customscannersservice.controller.CustomScannersControllerAdvice$ErrorMessage@747358a (truncated)...]
2025-12-12T22:35:07.122+05:30 DEBUG 129169 --- [http-nio-9221-exec-9] .m.m.a.ExceptionHandlerExceptionResolver : Resolved [jakarta.servlet.ServletException: Handler dispatch failed: java.lang.NoClassDefFoundError: org/tomlj/Toml]
2025-12-12T22:35:07.122+05:30 DEBUG 129169 --- [http-nio-9221-exec-9] o.s.web.servlet.DispatcherServlet        : Completed 500 INTERNAL_SERVER_ERROR
2025-12-12T22:35:38.558+05:30 DEBUG 129169 --- [http-nio-9221-exec-10] o.s.web.servlet.DispatcherServlet        : POST "/v1/scanFile", parameters={multipart}
2025-12-12T22:35:38.559+05:30 DEBUG 129169 --- [http-nio-9221-exec-10] s.w.s.m.m.a.RequestMappingHandlerMapping : Mapped to com.hcl.appscan.customscannersservice.controller.CustomScannersController#runScanFile(MultipartFile, String, int[])
2025-12-12T22:35:38.606+05:30 DEBUG 129169 --- [http-nio-9221-exec-10] .m.m.a.ExceptionHandlerExceptionResolver : Using @ExceptionHandler com.hcl.appscan.customscannersservice.controller.CustomScannersControllerAdvice#handleException(Exception)
2025-12-12T22:35:38.607+05:30 DEBUG 129169 --- [http-nio-9221-exec-10] o.s.w.s.m.m.a.HttpEntityMethodProcessor  : Using 'application/json', given [application/json, text/plain, */*] and supported [application/json, application/*+json]
2025-12-12T22:35:38.607+05:30 DEBUG 129169 --- [http-nio-9221-exec-10] o.s.w.s.m.m.a.HttpEntityMethodProcessor  : Writing [com.hcl.appscan.customscannersservice.controller.CustomScannersControllerAdvice$ErrorMessage@1da23ff (truncated)...]
2025-12-12T22:35:38.607+05:30 DEBUG 129169 --- [http-nio-9221-exec-10] .m.m.a.ExceptionHandlerExceptionResolver : Resolved [jakarta.servlet.ServletException: Handler dispatch failed: java.lang.NoClassDefFoundError: org/tomlj/Toml]
2025-12-12T22:35:38.608+05:30 DEBUG 129169 --- [http-nio-9221-exec-10] o.s.web.servlet.DispatcherServlet        : Completed 500 INTERNAL_SERVER_ERROR
2025-12-12T22:35:44.847+05:30 DEBUG 129169 --- [http-nio-9221-exec-1] o.s.web.servlet.DispatcherServlet        : POST "/v1/scanFile", parameters={multipart}
2025-12-12T22:35:44.848+05:30 DEBUG 129169 --- [http-nio-9221-exec-1] s.w.s.m.m.a.RequestMappingHandlerMapping : Mapped to com.hcl.appscan.customscannersservice.controller.CustomScannersController#runScanFile(MultipartFile, String, int[])
2025-12-12T22:35:44.892+05:30 DEBUG 129169 --- [http-nio-9221-exec-1] .m.m.a.ExceptionHandlerExceptionResolver : Using @ExceptionHandler com.hcl.appscan.customscannersservice.controller.CustomScannersControllerAdvice#handleException(Exception)
2025-12-12T22:35:44.893+05:30 DEBUG 129169 --- [http-nio-9221-exec-1] o.s.w.s.m.m.a.HttpEntityMethodProcessor  : Using 'application/json', given [application/json, text/plain, */*] and supported [application/json, application/*+json]
2025-12-12T22:35:44.893+05:30 DEBUG 129169 --- [http-nio-9221-exec-1] o.s.w.s.m.m.a.HttpEntityMethodProcessor  : Writing [com.hcl.appscan.customscannersservice.controller.CustomScannersControllerAdvice$ErrorMessage@173e4b0 (truncated)...]
2025-12-12T22:35:44.894+05:30 DEBUG 129169 --- [http-nio-9221-exec-1] .m.m.a.ExceptionHandlerExceptionResolver : Resolved [jakarta.servlet.ServletException: Handler dispatch failed: java.lang.NoClassDefFoundError: org/tomlj/Toml]
2025-12-12T22:35:44.894+05:30 DEBUG 129169 --- [http-nio-9221-exec-1] o.s.web.servlet.DispatcherServlet        : Completed 500 INTERNAL_SERVER_ERROR
2025-12-12T22:35:47.431+05:30 DEBUG 129169 --- [http-nio-9221-exec-2] o.s.web.servlet.DispatcherServlet        : POST "/v1/scanFile", parameters={multipart}
2025-12-12T22:35:47.433+05:30 DEBUG 129169 --- [http-nio-9221-exec-2] s.w.s.m.m.a.RequestMappingHandlerMapping : Mapped to com.hcl.appscan.customscannersservice.controller.CustomScannersController#runScanFile(MultipartFile, String, int[])
2025-12-12T22:35:47.478+05:30 DEBUG 129169 --- [http-nio-9221-exec-2] .m.m.a.ExceptionHandlerExceptionResolver : Using @ExceptionHandler com.hcl.appscan.customscannersservice.controller.CustomScannersControllerAdvice#handleException(Exception)
2025-12-12T22:35:47.479+05:30 DEBUG 129169 --- [http-nio-9221-exec-2] o.s.w.s.m.m.a.HttpEntityMethodProcessor  : Using 'application/json', given [application/json, text/plain, */*] and supported [application/json, application/*+json]
2025-12-12T22:35:47.479+05:30 DEBUG 129169 --- [http-nio-9221-exec-2] o.s.w.s.m.m.a.HttpEntityMethodProcessor  : Writing [com.hcl.appscan.customscannersservice.controller.CustomScannersControllerAdvice$ErrorMessage@369f100 (truncated)...]
2025-12-12T22:35:47.480+05:30 DEBUG 129169 --- [http-nio-9221-exec-2] .m.m.a.ExceptionHandlerExceptionResolver : Resolved [jakarta.servlet.ServletException: Handler dispatch failed: java.lang.NoClassDefFoundError: org/tomlj/Toml]
2025-12-12T22:35:47.480+05:30 DEBUG 129169 --- [http-nio-9221-exec-2] o.s.web.servlet.DispatcherServlet        : Completed 500 INTERNAL_SERVER_ERROR
2025-12-12T22:35:54.748+05:30 DEBUG 129169 --- [http-nio-9221-exec-3] o.s.web.servlet.DispatcherServlet        : POST "/v1/scanFile", parameters={multipart}
2025-12-12T22:35:54.750+05:30 DEBUG 129169 --- [http-nio-9221-exec-3] s.w.s.m.m.a.RequestMappingHandlerMapping : Mapped to com.hcl.appscan.customscannersservice.controller.CustomScannersController#runScanFile(MultipartFile, String, int[])
2025-12-12T22:35:54.802+05:30 DEBUG 129169 --- [http-nio-9221-exec-3] .m.m.a.ExceptionHandlerExceptionResolver : Using @ExceptionHandler com.hcl.appscan.customscannersservice.controller.CustomScannersControllerAdvice#handleException(Exception)
2025-12-12T22:35:54.803+05:30 DEBUG 129169 --- [http-nio-9221-exec-3] o.s.w.s.m.m.a.HttpEntityMethodProcessor  : Using 'application/json', given [application/json, text/plain, */*] and supported [application/json, application/*+json]
2025-12-12T22:35:54.803+05:30 DEBUG 129169 --- [http-nio-9221-exec-3] o.s.w.s.m.m.a.HttpEntityMethodProcessor  : Writing [com.hcl.appscan.customscannersservice.controller.CustomScannersControllerAdvice$ErrorMessage@265bd46 (truncated)...]
2025-12-12T22:35:54.803+05:30 DEBUG 129169 --- [http-nio-9221-exec-3] .m.m.a.ExceptionHandlerExceptionResolver : Resolved [jakarta.servlet.ServletException: Handler dispatch failed: java.lang.NoClassDefFoundError: org/tomlj/Toml]
2025-12-12T22:35:54.804+05:30 DEBUG 129169 --- [http-nio-9221-exec-3] o.s.web.servlet.DispatcherServlet        : Completed 500 INTERNAL_SERVER_ERROR
2025-12-12T22:36:02.899+05:30 DEBUG 129169 --- [http-nio-9221-exec-4] o.s.web.servlet.DispatcherServlet        : POST "/v1/scanFile", parameters={multipart}
2025-12-12T22:36:02.900+05:30 DEBUG 129169 --- [http-nio-9221-exec-4] s.w.s.m.m.a.RequestMappingHandlerMapping : Mapped to com.hcl.appscan.customscannersservice.controller.CustomScannersController#runScanFile(MultipartFile, String, int[])
2025-12-12T22:36:02.942+05:30 DEBUG 129169 --- [http-nio-9221-exec-4] .m.m.a.ExceptionHandlerExceptionResolver : Using @ExceptionHandler com.hcl.appscan.customscannersservice.controller.CustomScannersControllerAdvice#handleException(Exception)
2025-12-12T22:36:02.942+05:30 DEBUG 129169 --- [http-nio-9221-exec-4] o.s.w.s.m.m.a.HttpEntityMethodProcessor  : Using 'application/json', given [application/json, text/plain, */*] and supported [application/json, application/*+json]
2025-12-12T22:36:02.942+05:30 DEBUG 129169 --- [http-nio-9221-exec-4] o.s.w.s.m.m.a.HttpEntityMethodProcessor  : Writing [com.hcl.appscan.customscannersservice.controller.CustomScannersControllerAdvice$ErrorMessage@7092bef (truncated)...]
2025-12-12T22:36:02.943+05:30 DEBUG 129169 --- [http-nio-9221-exec-4] .m.m.a.ExceptionHandlerExceptionResolver : Resolved [jakarta.servlet.ServletException: Handler dispatch failed: java.lang.NoClassDefFoundError: org/tomlj/Toml]
2025-12-12T22:36:02.943+05:30 DEBUG 129169 --- [http-nio-9221-exec-4] o.s.web.servlet.DispatcherServlet        : Completed 500 INTERNAL_SERVER_ERROR
2025-12-12T22:36:05.004+05:30 DEBUG 129169 --- [http-nio-9221-exec-5] o.s.web.servlet.DispatcherServlet        : POST "/v1/scanFile", parameters={multipart}
2025-12-12T22:36:05.005+05:30 DEBUG 129169 --- [http-nio-9221-exec-5] s.w.s.m.m.a.RequestMappingHandlerMapping : Mapped to com.hcl.appscan.customscannersservice.controller.CustomScannersController#runScanFile(MultipartFile, String, int[])
2025-12-12T22:36:05.049+05:30 DEBUG 129169 --- [http-nio-9221-exec-5] .m.m.a.ExceptionHandlerExceptionResolver : Using @ExceptionHandler com.hcl.appscan.customscannersservice.controller.CustomScannersControllerAdvice#handleException(Exception)
2025-12-12T22:36:05.050+05:30 DEBUG 129169 --- [http-nio-9221-exec-5] o.s.w.s.m.m.a.HttpEntityMethodProcessor  : Using 'application/json', given [application/json, text/plain, */*] and supported [application/json, application/*+json]
2025-12-12T22:36:05.050+05:30 DEBUG 129169 --- [http-nio-9221-exec-5] o.s.w.s.m.m.a.HttpEntityMethodProcessor  : Writing [com.hcl.appscan.customscannersservice.controller.CustomScannersControllerAdvice$ErrorMessage@7fc2af1 (truncated)...]
2025-12-12T22:36:05.051+05:30 DEBUG 129169 --- [http-nio-9221-exec-5] .m.m.a.ExceptionHandlerExceptionResolver : Resolved [jakarta.servlet.ServletException: Handler dispatch failed: java.lang.NoClassDefFoundError: org/tomlj/Toml]
2025-12-12T22:36:05.051+05:30 DEBUG 129169 --- [http-nio-9221-exec-5] o.s.web.servlet.DispatcherServlet        : Completed 500 INTERNAL_SERVER_ERROR
